Not searching for unused variables given on the command line.
[36m--[0m The C compiler identification is GNU 9.3.0
[36m--[0m The CXX compiler identification is GNU 9.3.0
[36m--[0m Check for working C compiler: /usr/bin/cc
[36m--[0m Check for working C compiler: /usr/bin/cc -- works
[36m--[0m Detecting C compiler ABI info
[36m--[0m Detecting C compiler ABI info - done
[36m--[0m Detecting C compile features
[36m--[0m Detecting C compile features - done
[36m--[0m Check for working CXX compiler: /usr/bin/c++
[36m--[0m Check for working CXX compiler: /usr/bin/c++ -- works
[36m--[0m Detecting CXX compiler ABI info
[36m--[0m Detecting CXX compiler ABI info - done
[36m--[0m Detecting CXX compile features
[36m--[0m Detecting CXX compile features - done
[36m--[0m Using CATKIN_DEVEL_PREFIX: /home/petar/project_ws/devel/.private/bebop_driver
[36m--[0m Using CMAKE_PREFIX_PATH: /home/petar/project_ws/devel;/home/petar/catkin_ws/devel;/opt/ros/noetic
[36m--[0m This workspace overlays: /home/petar/project_ws/devel;/home/petar/catkin_ws/devel;/opt/ros/noetic
[36m--[0m Found PythonInterp: /usr/bin/python3 (found suitable version "3.8.10", minimum required is "3")
[36m--[0m Using PYTHON_EXECUTABLE: /usr/bin/python3
[36m--[0m Using Debian Python package layout
[36m--[0m Found PY_em: /usr/lib/python3/dist-packages/em.py
[36m--[0m Using empy: /usr/lib/python3/dist-packages/em.py
[36m--[0m Using CATKIN_ENABLE_TESTING: ON
[36m--[0m Call enable_testing()
[36m--[0m Using CATKIN_TEST_RESULTS_DIR: /home/petar/project_ws/build/bebop_driver/test_results
[36m--[0m Forcing gtest/gmock from source, though one was otherwise available.
[36m--[0m Found gtest sources under '/usr/src/googletest': gtests will be built
[36m--[0m Found gmock sources under '/usr/src/googletest': gmock will be built
[36m--[0m Found PythonInterp: /usr/bin/python3 (found version "3.8.10")
[36m--[0m Found Threads: TRUE
[36m--[0m Using Python nosetests: /usr/bin/nosetests3
[36m--[0m catkin 0.8.10
[36m--[0m BUILD_SHARED_LIBS is on
[36m--[0m Using these message generators: gencpp;geneus;genlisp;gennodejs;genpy
[36m--[0m Catkin INCLUE_DIR: /home/petar/project_ws/devel/.private/bebop_msgs/include;/opt/ros/noetic/include;/opt/ros/noetic/share/xmlrpcpp/cmake/../../../include/xmlrpcpp;/usr/include;/usr/share/orocos_kdl/cmake/../../../include;/usr/include/eigen3
[36m--[0m Catkin LIBS: /opt/ros/noetic/lib/libnodeletlib.so;/opt/ros/noetic/lib/libbondcpp.so;/usr/lib/x86_64-linux-gnu/libuuid.so;/opt/ros/noetic/lib/libcamera_info_manager.so;/opt/ros/noetic/lib/libcamera_calibration_parsers.so;/opt/ros/noetic/lib/libimage_transport.so;/opt/ros/noetic/lib/libclass_loader.so;/usr/lib/x86_64-linux-gnu/libPocoFoundation.so;/usr/lib/x86_64-linux-gnu/libdl.so;/opt/ros/noetic/lib/libroslib.so;/opt/ros/noetic/lib/librospack.so;/usr/lib/x86_64-linux-gnu/libpython3.8.so;/usr/lib/x86_64-linux-gnu/libboost_program_options.so.1.71.0;/usr/lib/x86_64-linux-gnu/libtinyxml2.so;/usr/lib/liborocos-kdl.so;/usr/lib/liborocos-kdl.so;/opt/ros/noetic/lib/libtf2_ros.so;/opt/ros/noetic/lib/libactionlib.so;/opt/ros/noetic/lib/libmessage_filters.so;/opt/ros/noetic/lib/libroscpp.so;/usr/lib/x86_64-linux-gnu/libpthread.so;/usr/lib/x86_64-linux-gnu/libboost_chrono.so.1.71.0;/usr/lib/x86_64-linux-gnu/libboost_filesystem.so.1.71.0;/opt/ros/noetic/lib/librosconsole.so;/opt/ros/noetic/lib/librosconsole_log4cxx.so;/opt/ros/noetic/lib/librosconsole_backend_interface.so;/usr/lib/x86_64-linux-gnu/liblog4cxx.so;/usr/lib/x86_64-linux-gnu/libboost_regex.so.1.71.0;/opt/ros/noetic/lib/libxmlrpcpp.so;/opt/ros/noetic/lib/libtf2.so;/opt/ros/noetic/lib/libdynamic_reconfigure_config_init_mutex.so;/opt/ros/noetic/lib/libroscpp_serialization.so;/opt/ros/noetic/lib/librostime.so;/usr/lib/x86_64-linux-gnu/libboost_date_time.so.1.71.0;/opt/ros/noetic/lib/libcpp_common.so;/usr/lib/x86_64-linux-gnu/libboost_system.so.1.71.0;/usr/lib/x86_64-linux-gnu/libboost_thread.so.1.71.0;/usr/lib/x86_64-linux-gnu/libconsole_bridge.so.0.4
[36m--[0m ARSDK3 INCLUDE_DIR: /home/petar/project_ws/devel/.private/parrot_arsdk/include/parrot_arsdk
[36m--[0m ARSDK3 LIB_DIR: /home/petar/project_ws/devel/.private/parrot_arsdk/lib/parrot_arsdk
[36m--[0m ARSDK3 LIBS: arcommands;arcontroller;ardatatransfer;ardiscovery;armavlink;armedia;arnetworkal;arnetwork;arsal;arstream2;arstream;arupdater;arutils
[36m--[0m Found PkgConfig: /usr/bin/pkg-config (found version "0.29.1")
[36m--[0m Checking for module 'libavcodec'
[36m--[0m   Found libavcodec, version 58.54.100
[36m--[0m Checking for module 'libavformat'
[36m--[0m   Found libavformat, version 58.29.100
[36m--[0m Checking for module 'libswscale'
[36m--[0m   Found libswscale, version 5.5.100
[33m[1mCMake Warning[0m at /opt/ros/noetic/share/catkin/cmake/catkin_package.cmake:166 (message):
  catkin_package() DEPENDS on 'system_lib' but neither
  'system_lib_INCLUDE_DIRS' nor 'system_lib_LIBRARIES' is defined.
[36mCall Stack (most recent call first):[0m
  /opt/ros/noetic/share/catkin/cmake/catkin_package.cmake:102 (_catkin_package)
  CMakeLists.txt:40 (catkin_package)


[33m[1mCMake Warning[0m at /opt/ros/noetic/share/catkin/cmake/catkin_package.cmake:166 (message):
  catkin_package() DEPENDS on 'libavcodec' but neither
  'libavcodec_INCLUDE_DIRS' nor 'libavcodec_LIBRARIES' is defined.
[36mCall Stack (most recent call first):[0m
  /opt/ros/noetic/share/catkin/cmake/catkin_package.cmake:102 (_catkin_package)
  CMakeLists.txt:40 (catkin_package)


[33m[1mCMake Warning[0m at /opt/ros/noetic/share/catkin/cmake/catkin_package.cmake:166 (message):
  catkin_package() DEPENDS on 'libavformat' but neither
  'libavformat_INCLUDE_DIRS' nor 'libavformat_LIBRARIES' is defined.
[36mCall Stack (most recent call first):[0m
  /opt/ros/noetic/share/catkin/cmake/catkin_package.cmake:102 (_catkin_package)
  CMakeLists.txt:40 (catkin_package)


[33m[1mCMake Warning[0m at /opt/ros/noetic/share/catkin/cmake/catkin_package.cmake:166 (message):
  catkin_package() DEPENDS on 'libswscale' but neither
  'libswscale_INCLUDE_DIRS' nor 'libswscale_LIBRARIES' is defined.
[36mCall Stack (most recent call first):[0m
  /opt/ros/noetic/share/catkin/cmake/catkin_package.cmake:102 (_catkin_package)
  CMakeLists.txt:40 (catkin_package)


[36m--[0m Configuring done
[36m--[0m Generating done
[36m--[0m Build files have been written to: /home/petar/project_ws/build/bebop_driver
