Linked: (/home/petar/project_ws/devel/.private/med_uav_control/share/med_uav_control/cmake/med_uav_control-msg-extras.cmake, /home/petar/project_ws/devel/share/med_uav_control/cmake/med_uav_control-msg-extras.cmake)
Linked: (/home/petar/project_ws/devel/.private/med_uav_control/share/med_uav_control/cmake/med_uav_control-msg-paths.cmake, /home/petar/project_ws/devel/share/med_uav_control/cmake/med_uav_control-msg-paths.cmake)
Linked: (/home/petar/project_ws/devel/.private/med_uav_control/share/med_uav_control/cmake/med_uav_controlConfig.cmake, /home/petar/project_ws/devel/share/med_uav_control/cmake/med_uav_controlConfig.cmake)
Linked: (/home/petar/project_ws/devel/.private/med_uav_control/share/med_uav_control/cmake/med_uav_controlConfig-version.cmake, /home/petar/project_ws/devel/share/med_uav_control/cmake/med_uav_controlConfig-version.cmake)
Linked: (/home/petar/project_ws/devel/.private/med_uav_control/share/med_uav_control/docs/MavXYCtlParamsConfig.wikidoc, /home/petar/project_ws/devel/share/med_uav_control/docs/MavXYCtlParamsConfig.wikidoc)
Linked: (/home/petar/project_ws/devel/.private/med_uav_control/share/med_uav_control/docs/MavXYCtlParamsConfig.dox, /home/petar/project_ws/devel/share/med_uav_control/docs/MavXYCtlParamsConfig.dox)
Linked: (/home/petar/project_ws/devel/.private/med_uav_control/share/med_uav_control/docs/MavAttitudeCtlParamsConfig-usage.dox, /home/petar/project_ws/devel/share/med_uav_control/docs/MavAttitudeCtlParamsConfig-usage.dox)
Linked: (/home/petar/project_ws/devel/.private/med_uav_control/share/med_uav_control/docs/MavAttitudeCtlParamsConfig.dox, /home/petar/project_ws/devel/share/med_uav_control/docs/MavAttitudeCtlParamsConfig.dox)
Linked: (/home/petar/project_ws/devel/.private/med_uav_control/share/med_uav_control/docs/MavZCtlParamsConfig.wikidoc, /home/petar/project_ws/devel/share/med_uav_control/docs/MavZCtlParamsConfig.wikidoc)
Linked: (/home/petar/project_ws/devel/.private/med_uav_control/share/med_uav_control/docs/MavZCtlParamsConfig-usage.dox, /home/petar/project_ws/devel/share/med_uav_control/docs/MavZCtlParamsConfig-usage.dox)
Linked: (/home/petar/project_ws/devel/.private/med_uav_control/share/med_uav_control/docs/MavXYCtlParamsConfig-usage.dox, /home/petar/project_ws/devel/share/med_uav_control/docs/MavXYCtlParamsConfig-usage.dox)
Linked: (/home/petar/project_ws/devel/.private/med_uav_control/share/med_uav_control/docs/MavAttitudeCtlParamsConfig.wikidoc, /home/petar/project_ws/devel/share/med_uav_control/docs/MavAttitudeCtlParamsConfig.wikidoc)
Linked: (/home/petar/project_ws/devel/.private/med_uav_control/share/med_uav_control/docs/MavZCtlParamsConfig.dox, /home/petar/project_ws/devel/share/med_uav_control/docs/MavZCtlParamsConfig.dox)
Linked: (/home/petar/project_ws/devel/.private/med_uav_control/share/gennodejs/ros/med_uav_control/_index.js, /home/petar/project_ws/devel/share/gennodejs/ros/med_uav_control/_index.js)
Linked: (/home/petar/project_ws/devel/.private/med_uav_control/share/gennodejs/ros/med_uav_control/msg/_index.js, /home/petar/project_ws/devel/share/gennodejs/ros/med_uav_control/msg/_index.js)
Linked: (/home/petar/project_ws/devel/.private/med_uav_control/share/gennodejs/ros/med_uav_control/msg/PIDController.js, /home/petar/project_ws/devel/share/gennodejs/ros/med_uav_control/msg/PIDController.js)
Linked: (/home/petar/project_ws/devel/.private/med_uav_control/share/roseus/ros/med_uav_control/manifest.l, /home/petar/project_ws/devel/share/roseus/ros/med_uav_control/manifest.l)
Linked: (/home/petar/project_ws/devel/.private/med_uav_control/share/roseus/ros/med_uav_control/msg/PIDController.l, /home/petar/project_ws/devel/share/roseus/ros/med_uav_control/msg/PIDController.l)
Linked: (/home/petar/project_ws/devel/.private/med_uav_control/share/common-lisp/ros/med_uav_control/msg/_package.lisp, /home/petar/project_ws/devel/share/common-lisp/ros/med_uav_control/msg/_package.lisp)
Linked: (/home/petar/project_ws/devel/.private/med_uav_control/share/common-lisp/ros/med_uav_control/msg/PIDController.lisp, /home/petar/project_ws/devel/share/common-lisp/ros/med_uav_control/msg/PIDController.lisp)
Linked: (/home/petar/project_ws/devel/.private/med_uav_control/share/common-lisp/ros/med_uav_control/msg/_package_PIDController.lisp, /home/petar/project_ws/devel/share/common-lisp/ros/med_uav_control/msg/_package_PIDController.lisp)
Linked: (/home/petar/project_ws/devel/.private/med_uav_control/share/common-lisp/ros/med_uav_control/msg/med_uav_control-msg.asd, /home/petar/project_ws/devel/share/common-lisp/ros/med_uav_control/msg/med_uav_control-msg.asd)
Linked: (/home/petar/project_ws/devel/.private/med_uav_control/lib/pkgconfig/med_uav_control.pc, /home/petar/project_ws/devel/lib/pkgconfig/med_uav_control.pc)
Linked: (/home/petar/project_ws/devel/.private/med_uav_control/lib/python3/dist-packages/med_uav_control/__init__.py, /home/petar/project_ws/devel/lib/python3/dist-packages/med_uav_control/__init__.py)
Linked: (/home/petar/project_ws/devel/.private/med_uav_control/lib/python3/dist-packages/med_uav_control/msg/_PIDController.py, /home/petar/project_ws/devel/lib/python3/dist-packages/med_uav_control/msg/_PIDController.py)
Linked: (/home/petar/project_ws/devel/.private/med_uav_control/lib/python3/dist-packages/med_uav_control/msg/__init__.py, /home/petar/project_ws/devel/lib/python3/dist-packages/med_uav_control/msg/__init__.py)
Linked: (/home/petar/project_ws/devel/.private/med_uav_control/lib/python3/dist-packages/med_uav_control/cfg/MavAttitudeCtlParamsConfig.py, /home/petar/project_ws/devel/lib/python3/dist-packages/med_uav_control/cfg/MavAttitudeCtlParamsConfig.py)
Linked: (/home/petar/project_ws/devel/.private/med_uav_control/lib/python3/dist-packages/med_uav_control/cfg/__init__.py, /home/petar/project_ws/devel/lib/python3/dist-packages/med_uav_control/cfg/__init__.py)
Linked: (/home/petar/project_ws/devel/.private/med_uav_control/lib/python3/dist-packages/med_uav_control/cfg/MavXYCtlParamsConfig.py, /home/petar/project_ws/devel/lib/python3/dist-packages/med_uav_control/cfg/MavXYCtlParamsConfig.py)
Linked: (/home/petar/project_ws/devel/.private/med_uav_control/lib/python3/dist-packages/med_uav_control/cfg/MavZCtlParamsConfig.py, /home/petar/project_ws/devel/lib/python3/dist-packages/med_uav_control/cfg/MavZCtlParamsConfig.py)
Linked: (/home/petar/project_ws/devel/.private/med_uav_control/include/med_uav_control/MavZCtlParamsConfig.h, /home/petar/project_ws/devel/include/med_uav_control/MavZCtlParamsConfig.h)
Linked: (/home/petar/project_ws/devel/.private/med_uav_control/include/med_uav_control/MavAttitudeCtlParamsConfig.h, /home/petar/project_ws/devel/include/med_uav_control/MavAttitudeCtlParamsConfig.h)
Linked: (/home/petar/project_ws/devel/.private/med_uav_control/include/med_uav_control/PIDController.h, /home/petar/project_ws/devel/include/med_uav_control/PIDController.h)
Linked: (/home/petar/project_ws/devel/.private/med_uav_control/include/med_uav_control/MavXYCtlParamsConfig.h, /home/petar/project_ws/devel/include/med_uav_control/MavXYCtlParamsConfig.h)
