The system is: Linux - 5.11.0-44-generic - x86_64
Compiling the C compiler identification source file "CMakeCCompilerId.c" succeeded.
Compiler: /usr/bin/cc 
Build flags: 
Id flags:  

The output was:
0


Compilation of the C compiler identification source "CMakeCCompilerId.c" produced "a.out"

The C compiler identification is GNU, found in "/home/petar/project_ws/build/larics_gazebo_worlds/CMakeFiles/3.16.3/CompilerIdC/a.out"

Compiling the CXX compiler identification source file "CMakeCXXCompilerId.cpp" succeeded.
Compiler: /usr/bin/c++ 
Build flags: 
Id flags:  

The output was:
0


Compilation of the CXX compiler identification source "CMakeCXXCompilerId.cpp" produced "a.out"

The CXX compiler identification is GNU, found in "/home/petar/project_ws/build/larics_gazebo_worlds/CMakeFiles/3.16.3/CompilerIdCXX/a.out"

Determining if the C compiler works passed with the following output:
Change Dir: /home/petar/project_ws/build/larics_gazebo_worlds/CMakeFiles/CMakeTmp

Run Build Command(s):/usr/bin/make cmTC_cab79/fast && /usr/bin/make -f CMakeFiles/cmTC_cab79.dir/build.make CMakeFiles/cmTC_cab79.dir/build
make[1]: Entering directory '/home/petar/project_ws/build/larics_gazebo_worlds/CMakeFiles/CMakeTmp'
Building C object CMakeFiles/cmTC_cab79.dir/testCCompiler.c.o
/usr/bin/cc    -o CMakeFiles/cmTC_cab79.dir/testCCompiler.c.o   -c /home/petar/project_ws/build/larics_gazebo_worlds/CMakeFiles/CMakeTmp/testCCompiler.c
Linking C executable cmTC_cab79
/usr/bin/cmake -E cmake_link_script CMakeFiles/cmTC_cab79.dir/link.txt --verbose=1
/usr/bin/cc      -rdynamic CMakeFiles/cmTC_cab79.dir/testCCompiler.c.o  -o cmTC_cab79 
make[1]: Leaving directory '/home/petar/project_ws/build/larics_gazebo_worlds/CMakeFiles/CMakeTmp'



The system is: Linux - 5.11.0-44-generic - x86_64
Compiling the C compiler identification source file "CMakeCCompilerId.c" succeeded.
Compiler: /usr/bin/cc 
Build flags: 
Id flags:  

The output was:
0


Compilation of the C compiler identification source "CMakeCCompilerId.c" produced "a.out"

The C compiler identification is GNU, found in "/home/petar/project_ws/build/larics_gazebo_worlds/CMakeFiles/3.16.3/CompilerIdC/a.out"

Compiling the CXX compiler identification source file "CMakeCXXCompilerId.cpp" succeeded.
Compiler: /usr/bin/c++ 
Build flags: 
Id flags:  

The output was:
0


Compilation of the CXX compiler identification source "CMakeCXXCompilerId.cpp" produced "a.out"

The CXX compiler identification is GNU, found in "/home/petar/project_ws/build/larics_gazebo_worlds/CMakeFiles/3.16.3/CompilerIdCXX/a.out"

Determining if the C compiler works passed with the following output:
Change Dir: /home/petar/project_ws/build/larics_gazebo_worlds/CMakeFiles/CMakeTmp

Run Build Command(s):/usr/bin/make cmTC_78350/fast && /usr/bin/make -f CMakeFiles/cmTC_78350.dir/build.make CMakeFiles/cmTC_78350.dir/build
make[1]: Entering directory '/home/petar/project_ws/build/larics_gazebo_worlds/CMakeFiles/CMakeTmp'
Building C object CMakeFiles/cmTC_78350.dir/testCCompiler.c.o
/usr/bin/cc    -o CMakeFiles/cmTC_78350.dir/testCCompiler.c.o   -c /home/petar/project_ws/build/larics_gazebo_worlds/CMakeFiles/CMakeTmp/testCCompiler.c
Linking C executable cmTC_78350
/usr/bin/cmake -E cmake_link_script CMakeFiles/cmTC_78350.dir/link.txt --verbose=1
/usr/bin/cc      -rdynamic CMakeFiles/cmTC_78350.dir/testCCompiler.c.o  -o cmTC_78350 
make[1]: Leaving directory '/home/petar/project_ws/build/larics_gazebo_worlds/CMakeFiles/CMakeTmp'



